<query method="emugetuser" email="dandelion" password="password" instanceID="1433817711" courseid="1001" productcode="1001" loginOption="8" dbHost="2" databaseVersion="6"/>
﻿<?xml version="1.0" encoding="UTF-8"?><db><note><query method="emugetuser" email="dandelion" password="password" instanceID="1433817711" courseid="1001" productcode="1001" loginOption="8" dbHost="2" databaseVersion="6"/></note><err code="203">no such user</err></db>
emugetuser can back with error 203
The fail reason is 203
﻿<?xml version="1.0" encoding="UTF-8"?><db><note><query method="getRMSettings" prefix="Clarity\" dateStamp="2015-06-09 02:42:06" cacheVersion="1433817726" zone="UTC" productcode="1001" dbHost="2"/></note><note>dbhost=localhost dbname=rack80829 driver=mysqlt</note><database version='1958'  /><err code='100'>No account for this product in this root.</err></db>
﻿<?xml version="1.0" encoding="UTF-8"?><db><note><query method="getRMSettings" prefix="Clarity" dateStamp="2015-06-09 02:42:09" cacheVersion="1433817729" zone="UTC" productcode="1001" dbHost="2"/></note><note>dbhost=localhost dbname=rack80829 driver=mysqlt</note><database version='1958'  /><settings loginOption='2'
				verified='1'
				selfRegister='0'/><decrypt key='undefined' /><account expiryDate='2029-12-31 23:59:59'
							maxStudents='999'
							groupID='163'
							rootID='163'
							licenceType='1'
							institution='Clarity Language Consultants Ltd'
							contentLocation='ItsYourJob'
							MGSRoot=''
							licenceStartDate='2015-06-09 00:00:00'
							checksum='77d3c41cb0df545ab068f8d05df125c2e4f91aaa340a439fc6bf998ed58c13ea'
							languageCode='EN'/><licence xxRUrange='www.clarityenglish.com,mcl.lib.com.au/home' /></db>
getRMSetting is true
<query method="emugetuser" name="dandelion" prefix="Clarity" password="password" instanceID="1433817737" courseid="1001" productcode="1001" loginOption="1" dbHost="2" databaseVersion="6"/>
﻿<?xml version="1.0" encoding="UTF-8"?><db><note><query method="emugetuser" name="dandelion" prefix="Clarity" password="password" instanceID="1433817737" courseid="1001" productcode="1001" loginOption="1" dbHost="2" databaseVersion="6"/></note><user userID='27639'
						userName='dandelion'
						name='dandelion'
						email='dandy@email'
						startDate=''
						expiryDate=''
						licenceStartDate='1433808000'
						licenceExpiryDate='1893455999'
						licenceType='1'
						userType='0'
						rootid='163'
						contactMethod=''
						sessionID='6836397'
						languageCode='EN'
						bookmark=''
						isAdmin='false'
						frequency='' /><instance>1433817737</instance></db>
emugetuser can back with error 
<query method="getRMSettings" rootID="" prefix="Clarity" dateStamp="2015-06-09 02:42:17" cacheVersion="1433817737" zone="UTC" productcode="1001" dbHost="2" />
﻿<?xml version="1.0" encoding="UTF-8"?><db><note><query method="getRMSettings" rootID="" prefix="Clarity" dateStamp="2015-06-09 02:42:17" cacheVersion="1433817737" zone="UTC" productcode="1001" dbHost="2" /></note><note>dbhost=localhost dbname=rack80829 driver=mysqlt</note><database version='1958'  /><settings loginOption='2'
				verified='1'
				selfRegister='0'/><decrypt key='undefined' /><account expiryDate='2029-12-31 23:59:59'
							maxStudents='999'
							groupID='163'
							rootID='163'
							licenceType='1'
							institution='Clarity Language Consultants Ltd'
							contentLocation='ItsYourJob'
							MGSRoot=''
							licenceStartDate='2015-06-09 00:00:00'
							checksum='77d3c41cb0df545ab068f8d05df125c2e4f91aaa340a439fc6bf998ed58c13ea'
							languageCode='EN'/><licence xxRUrange='www.clarityenglish.com,mcl.lib.com.au/home' /></db>
<query method="getLicenceSlot" rootID="163" userID="27639" licenceStartDate="2015-06-09 00:00:00" licences="999" cacheVersion="1433817737" licenceType="1" userType="0" prefix="Clarity" productcode="1001" dbHost="2" databaseVersion="6"/>
﻿<?xml version="1.0" encoding="UTF-8"?><db><note><query method="getLicenceSlot" rootID="163" userID="27639" licenceStartDate="2015-06-09 00:00:00" licences="999" cacheVersion="1433817737" licenceType="1" userType="0" prefix="Clarity" productcode="1001" dbHost="2" databaseVersion="6"/></note><licence id='0' users='0' /></db>
﻿<?xml version="1.0" encoding="UTF-8"?><db><note><query method="getRMSettings" prefix="Clarity" dateStamp="2015-06-09 02:49:36" cacheVersion="1433818176" zone="UTC" productcode="1001" dbHost="2"/></note><note>dbhost=localhost dbname=rack80829 driver=mysqlt</note><database version='1958'  /><settings loginOption='2'
				verified='1'
				selfRegister='0'/><decrypt key='undefined' /><account expiryDate='2029-12-31 23:59:59'
							maxStudents='999'
							groupID='163'
							rootID='163'
							licenceType='1'
							institution='Clarity Language Consultants Ltd'
							contentLocation='ItsYourJob-NAmerican'
							MGSRoot=''
							licenceStartDate='2015-06-09 00:00:00'
							checksum='77d3c41cb0df545ab068f8d05df125c2e4f91aaa340a439fc6bf998ed58c13ea'
							languageCode='NAMEN'/><licence xxRUrange='www.clarityenglish.com,mcl.lib.com.au/home' /></db>
getRMSetting is true
