x1. starting R2IV2-BCHK-Start.php with k9kdsatvua
{"method":"getOrAddUser","studentID":"k9kdsatvua-173","name":"k9kdsatvua","email":"adrian.raper@clarityenglish.com","dbHost":"101","productCode":52,"expiryDate":"2012-04-07 23:59:59","prefix":"GLOBAL","rootID":"14030","groupID":"173","loginOption":"2","country":"Hong Kong"}
1. starting R2IV2-BCHK-Start.php with k9kdsatvua
{"method":"getOrAddUser","studentID":"k9kdsatvua-173","name":"k9kdsatvua","email":"adrian.raper@clarityenglish.com","dbHost":"101","productCode":52,"expiryDate":"2012-04-07 23:59:59","prefix":"GLOBAL","rootID":"14030","groupID":"173","loginOption":"2","country":"Hong Kong"}
<br />
<b>Notice</b>:  Trying to get property of non-object in <b>D:\ProjectBench\Software\ResultsManager\web\amfphp\services\vo\com\clarityenglish\common\vo\manageable\Group.php</b> on line <b>77</b><br />
<br />
<b>Notice</b>:  Trying to get property of non-object in <b>D:\ProjectBench\Software\ResultsManager\web\amfphp\services\vo\com\clarityenglish\common\vo\manageable\Group.php</b> on line <b>79</b><br />
<br />
<b>Notice</b>:  Trying to get property of non-object in <b>D:\ProjectBench\Software\ResultsManager\web\amfphp\services\vo\com\clarityenglish\common\vo\manageable\Group.php</b> on line <b>80</b><br />
<br />
<b>Notice</b>:  Trying to get property of non-object in <b>D:\ProjectBench\Software\ResultsManager\web\amfphp\services\vo\com\clarityenglish\common\vo\manageable\Group.php</b> on line <b>81</b><br />
<br />
<b>Notice</b>:  Trying to get property of non-object in <b>D:\ProjectBench\Software\ResultsManager\web\amfphp\services\vo\com\clarityenglish\common\vo\manageable\Group.php</b> on line <b>83</b><br />
<br />
<b>Notice</b>:  Trying to get property of non-object in <b>D:\ProjectBench\Software\ResultsManager\web\amfphp\services\vo\com\clarityenglish\common\vo\manageable\Group.php</b> on line <b>84</b><br />
<br />
<b>Notice</b>:  Trying to get property of non-object in <b>D:\ProjectBench\Software\ResultsManager\web\amfphp\services\vo\com\clarityenglish\common\vo\manageable\Group.php</b> on line <b>85</b><br />
<br />
<b>Notice</b>:  Trying to get property of non-object in <b>D:\ProjectBench\Software\ResultsManager\web\amfphp\services\vo\com\clarityenglish\common\vo\manageable\Group.php</b> on line <b>86</b><br />
{"user":{"_explicitType":"com.clarityenglish.common.vo.manageable.User","userID":"251569","password":null,"userType":0,"studentID":"k9kdsatvua-173","expiryDate":"2012-04-07 23:59:59","email":"adrian.raper@clarityenglish.com","birthday":null,"country":"Hong Kong","city":null,"company":null,"startDate":null,"contactMethod":null,"fullName":null,"custom1":null,"custom2":null,"custom3":null,"custom4":null,"registrationDate":"2012-04-21 07:10:32","userProfileOption":52,"registerMethod":"loginService","name":"k9kdsatvua","id":"0.251569"}}1. starting R2IV2-BCHK-Start.php with k9kdsatvua
{"method":"getOrAddUser","studentID":"k9kdsatvua-173","name":"k9kdsatvua","email":"adrian.raper@clarityenglish.com","dbHost":"101","productCode":52,"expiryDate":"2012-04-07 23:59:59","prefix":"GLOBAL","rootID":"14030","groupID":"173","loginOption":"2","country":"Hong Kong"}
{"user":{"_explicitType":"com.clarityenglish.common.vo.manageable.User","userID":251569,"password":null,"userType":"0","studentID":"k9kdsatvua-173","expiryDate":"2012-04-07 23:59:59","email":"adrian.raper@clarityenglish.com","birthday":null,"country":"Hong Kong","city":"","company":"","startDate":null,"contactMethod":"","fullName":null,"custom1":"","custom2":"","custom3":"","custom4":"","registrationDate":"2012-04-21 07:10:32","userProfileOption":"52","registerMethod":"loginService","name":"k9kdsatvua","id":251569}}1. starting R2IV2-BCHK-Start.php with Alfred Ng
{"method":"getOrAddUser","studentID":"P23456790-173","name":"Alfred Ng","email":"alfred.ng@clarityenglish.com","dbHost":"101","productCode":52,"expiryDate":"2012-03-01 23:59:59","prefix":"GLOBAL","rootID":"14030","groupID":"173","loginOption":"2","country":"Hong Kong"}
{"user":{"_explicitType":"com.clarityenglish.common.vo.manageable.User","userID":"245156","password":null,"userType":0,"studentID":"P23456790-173","expiryDate":"2012-03-01 23:59:59","email":"alfred.ng@clarityenglish.com","birthday":null,"country":"Hong Kong","city":null,"company":null,"startDate":null,"contactMethod":null,"fullName":null,"custom1":null,"custom2":null,"custom3":null,"custom4":null,"registrationDate":"2012-04-21 08:44:41","userProfileOption":52,"registerMethod":"loginService","name":"Alfred Ng","id":"173.245156"}}1. starting R2IV2-BCHK-Start.php with Alfred Ng
{"method":"getOrAddUser","studentID":"P23456790-173","name":"Alfred Ng","email":"alfred.ng@clarityenglish.com","dbHost":"101","productCode":52,"expiryDate":"2012-03-01 23:59:59","prefix":"GLOBAL","rootID":"14030","groupID":"173","loginOption":"2","country":"Hong Kong"}
{"user":{"_explicitType":"com.clarityenglish.common.vo.manageable.User","userID":245156,"password":null,"userType":"0","studentID":"P23456790-173","expiryDate":"2012-03-01 23:59:59","email":"alfred.ng@clarityenglish.com","birthday":null,"country":"Hong Kong","city":"","company":"","startDate":null,"contactMethod":"","fullName":null,"custom1":"","custom2":"","custom3":"","custom4":"","registrationDate":"2012-04-21 08:44:41","userProfileOption":"52","registerMethod":"loginService","name":"Alfred Ng","id":245156}}