back from ResendEmailPassword with &error=211&message=Email registered with different passwords. for  
back from ResendEmailPassword with &error=211&message=Email registered with different passwords. for  
back from ResendEmailPassword with &error=211&message=Email registered with different passwords. for  
back from ResendEmailPassword with &error=210&message=Email not registered in our database. for adrian@pigmeat 
back from ResendEmailPassword with &error=210&message=Email not registered in our database. for adrian@pigmeat 
back from ResendEmailPassword with &error=210&message=Email not registered in our database. for adrian@pigmeat 
back from ResendEmailPassword with &error=210&message=Email not registered in our database. for adrian@pigmeat 
back from ResendEmailPassword with &error=210&message=Email not registered in our database. for adrian@pigmeat 
back from ResendEmailPassword with &error=210&message=Email not registered in our database. for adrian@pigmeat 
back from ResendEmailPassword with &error=210&message=Email not registered in our database. for adrian@pigmeat 
back from ResendEmailPassword with &error=210&message=Email not registered in our database. for adrian@pigmeat 
back from ResendEmailPassword with &error=0&message=Email sent for dandy@email 
back from ResendEmailPassword with &error=211&message=Email registered with different passwords. for adrian@clarity 
back from ResendEmailPassword with &error=211&message=Email registered with different passwords. for adrian@clarity 
back from ResendEmailPassword with &error=210&message=Email not registered in our database. for adrian@pigmeat 
back from ResendEmailPassword with &error=211&message=Email registered with different accounts for adrian@clarity 
back from ResendEmailPassword with &error=211&message=Email registered with different accounts for adrian@clarity 
back from ResendEmailPassword with &error=211&message=Email registered with different accounts for adrian@clarity 
back from ResendEmailPassword with &error=211&message=Email registered with different accounts for adrian@clarity 
back from ResendEmailPassword with &error=211&message=Email registered with different accounts for adrian@clarity 
back from ResendEmailPassword with &error=211&message=Email registered with different accounts for adrian@clarity 
back from ResendEmailPassword with &error=211&message=Email registered with different accounts for adrian@clarity 
back from ResendEmailPassword with &error=211&message=Email registered with different accounts for adrian@clarity 
back from ResendEmailPassword with &error=210&message=Email not in our database for asdf@com 
back from ResendEmailPassword with &error=211&message=Email registered with different accounts for adrian@clarity 
back from ResendEmailPassword with &error=211&message=Email registered with different accounts for adrian@clarity 
back from ResendEmailPassword with &error=210&message=Email not in our database for dandy@clarity 
back from ResendEmailPassword with &error=210&message=Email not in our database for dandy@clarity 
back from ResendEmailPassword with &error=210&message=Email not in our database for dandy@clarity 
back from ResendEmailPassword with &error=210&message=Email not in our database for dandy@clarity 
back from ResendEmailPassword with &error=0&message=Email sent for dandy@email 
back from ResendEmailPassword with &error=211&message=Email registered with different accounts for adrian@clarity 
back from ResendEmailPassword with &error=0&message=Email sent for dandy@email 
back from ResendEmailPassword with &error=211&message=Email registered with different accounts for adrian@clarity 
back from ResendEmailPassword with &error=0&message=Email sent for dandy@email 
back from ResendEmailPassword with &error=0&message=Email sent for dandy@email 
back from ResendEmailPassword with &error=211&message=Email registered with different accounts for adrian@clarity 
back from ResendEmailPassword with &error=211&message=Email registered with different accounts for adrian@clarity 
back from ResendEmailPassword with &error=211&message=Email registered with different accounts for adrian@clarity 
back from ResendEmailPassword with &error=0&message=Email sent for dandy@email 
back from ResendEmailPassword with &error=0&message=Email sent for dandy@email 
back from ResendEmailPassword with &error=0&message=Email sent for dandy@email 
back from ResendEmailPassword with &error=0&message=Email sent for dandy@email 
back from ResendEmailPassword with &error=0&message=Email sent for dandy@email 
back from ResendEmailPassword with &error=210&message=Email not in our database for dandy@emailssss 
back from ResendEmailPassword with &error=0&message=Email sent for dandy@email 
back from ResendEmailPassword with &error=0&message=Email sent for dandy@email 
back from ResendEmailPassword with &error=0&message=Email sent for dandy@email 
back from ResendEmailPassword with &error=210&message=Email not in our database for dandy@emails 
back from ResendEmailPassword with &error=210&message=Email not in our database for f@3 
back from ResendEmailPassword with &error=0&message=Email sent for dandy@email 
back from ResendEmailPassword with &error=0&message=Email sent for dandy@email 
back from ResendEmailPassword with &error=211&message=Email registered with different accounts for adrian@clarity 
